<?xml version="1.0" encoding="UTF-8"?>
<!-- Generated by org.testng.reporters.JUnitXMLReporter -->
<testsuite ignored="0" hostname="DESKTOP-3UFKCOS" failures="0" tests="4" name="Default test" time="16.379" errors="0" timestamp="2021-02-19T21:50:51 CST">
  <testcase classname="inventario.Inventario" name="login" time="0.563"/>
  <testcase classname="inventario.Inventario" name="openNewTab" time="2.058"/>
  <testcase classname="inventario.Inventario" name="searchByCod" time="6.484"/>
  <testcase classname="inventario.Inventario" name="update" time="6.899"/>
</testsuite> <!-- Default test -->
