<?xml version="1.0" encoding="UTF-8"?>
<testng-results ignored="0" total="4" passed="4" failed="0" skipped="0">
  <reporter-output>
  </reporter-output>
  <suite started-at="2021-02-19T21:50:35 CST" name="Default suite" finished-at="2021-02-19T21:50:51 CST" duration-ms="16379">
    <groups>
    </groups>
    <test started-at="2021-02-19T21:50:35 CST" name="Default test" finished-at="2021-02-19T21:50:51 CST" duration-ms="16379">
      <class name="inventario.Inventario">
        <test-method is-config="true" signature="setUp()[pri:0, instance:inventario.Inventario@25ddbbbb]" started-at="2021-02-19T21:50:35 CST" name="setUp" finished-at="2021-02-19T21:50:35 CST" duration-ms="335" status="PASS">
          <reporter-output>
          </reporter-output>
        </test-method> <!-- setUp -->
        <test-method signature="login()[pri:0, instance:inventario.Inventario@25ddbbbb]" started-at="2021-02-19T21:50:35 CST" name="login" finished-at="2021-02-19T21:50:36 CST" duration-ms="563" status="PASS">
          <reporter-output>
          </reporter-output>
        </test-method> <!-- login -->
        <test-method signature="openNewTab()[pri:0, instance:inventario.Inventario@25ddbbbb]" started-at="2021-02-19T21:50:36 CST" name="openNewTab" finished-at="2021-02-19T21:50:38 CST" duration-ms="2058" status="PASS">
          <reporter-output>
          </reporter-output>
        </test-method> <!-- openNewTab -->
        <test-method signature="searchByCod()[pri:0, instance:inventario.Inventario@25ddbbbb]" started-at="2021-02-19T21:50:38 CST" name="searchByCod" finished-at="2021-02-19T21:50:44 CST" duration-ms="6484" status="PASS">
          <reporter-output>
          </reporter-output>
        </test-method> <!-- searchByCod -->
        <test-method signature="update()[pri:0, instance:inventario.Inventario@25ddbbbb]" started-at="2021-02-19T21:50:44 CST" name="update" finished-at="2021-02-19T21:50:51 CST" duration-ms="6899" status="PASS">
          <reporter-output>
          </reporter-output>
        </test-method> <!-- update -->
        <test-method is-config="true" signature="finishTest()[pri:0, instance:inventario.Inventario@25ddbbbb]" started-at="2021-02-19T21:50:51 CST" name="finishTest" finished-at="2021-02-19T21:50:51 CST" duration-ms="19" status="PASS">
          <reporter-output>
          </reporter-output>
        </test-method> <!-- finishTest -->
      </class> <!-- inventario.Inventario -->
    </test> <!-- Default test -->
  </suite> <!-- Default suite -->
</testng-results>
